<?xml version="1.0" encoding="UTF-8"?>
<!-- Generated by org.testng.reporters.JUnitReportReporter -->
<testsuite hostname="PF4A59NC" failures="0" tests="3" name="TestNg_Attributes.Attribute_DependsOnMethods" time="0.536" errors="0" timestamp="2025-06-23T19:19:34 IST" skipped="0">
  <testcase classname="TestNg_Attributes.Attribute_DependsOnMethods" name="enterUserName" time="0.388"/>
  <testcase classname="TestNg_Attributes.Attribute_DependsOnMethods" name="clickLogin" time="0.071"/>
  <testcase classname="TestNg_Attributes.Attribute_DependsOnMethods" name="enterPassword" time="0.077"/>
</testsuite> <!-- TestNg_Attributes.Attribute_DependsOnMethods -->
