<?xml version="1.0" encoding="UTF-8"?>
<!-- Generated by org.testng.reporters.JUnitReportReporter -->
<testsuite hostname="PF4A59NC" failures="0" tests="11" name="TestNg_Attributes.Attribute_InvocationCount" time="0.858" errors="0" timestamp="2025-06-23T19:17:26 IST" skipped="0">
  <testcase classname="TestNg_Attributes.Attribute_InvocationCount" name="enterUserName" time="0.050"/>
  <testcase classname="TestNg_Attributes.Attribute_InvocationCount" name="enterUserName" time="0.049"/>
  <testcase classname="TestNg_Attributes.Attribute_InvocationCount" name="enterUserName" time="0.038"/>
  <testcase classname="TestNg_Attributes.Attribute_InvocationCount" name="enterUserName" time="0.073"/>
  <testcase classname="TestNg_Attributes.Attribute_InvocationCount" name="enterUserName" time="0.035"/>
  <testcase classname="TestNg_Attributes.Attribute_InvocationCount" name="enterUserName" time="0.036"/>
  <testcase classname="TestNg_Attributes.Attribute_InvocationCount" name="enterUserName" time="0.037"/>
  <testcase classname="TestNg_Attributes.Attribute_InvocationCount" name="enterUserName" time="0.374"/>
  <testcase classname="TestNg_Attributes.Attribute_InvocationCount" name="enterUserName" time="0.048"/>
  <testcase classname="TestNg_Attributes.Attribute_InvocationCount" name="enterUserName" time="0.037"/>
  <testcase classname="TestNg_Attributes.Attribute_InvocationCount" name="enterPassword" time="0.081"/>
</testsuite> <!-- TestNg_Attributes.Attribute_InvocationCount -->
