<?xml version="1.0" encoding="UTF-8"?>
<!-- Generated by org.testng.reporters.JUnitReportReporter -->
<testsuite hostname="PF4A59NC" failures="0" tests="3" name="TestNg.DataProviders_example" time="23.004" errors="0" timestamp="2025-06-23T19:06:15 IST" skipped="0">
  <testcase classname="TestNg.DataProviders_example" name="enterCredentails" time="6.115"/>
  <testcase classname="TestNg.DataProviders_example" name="enterCredentails" time="6.603"/>
  <testcase classname="TestNg.DataProviders_example" name="enterCredentails" time="10.286"/>
</testsuite> <!-- TestNg.DataProviders_example -->
