<?xml version="1.0" encoding="UTF-8"?>
<!-- Generated by org.testng.reporters.JUnitReportReporter -->
<testsuite hostname="PF4A59NC" failures="0" tests="3" name="TestNg_Attributes.Attribute_Priority" time="2.719" errors="0" timestamp="2025-06-23T19:11:05 IST" skipped="0">
  <testcase classname="TestNg_Attributes.Attribute_Priority" name="clickLogin" time="2.543"/>
  <testcase classname="TestNg_Attributes.Attribute_Priority" name="enterUserName" time="0.092"/>
  <testcase classname="TestNg_Attributes.Attribute_Priority" name="enterPassword" time="0.084"/>
</testsuite> <!-- TestNg_Attributes.Attribute_Priority -->
