<?xml version="1.0" encoding="UTF-8"?>
<!-- Generated by org.testng.reporters.JUnitReportReporter -->
<testsuite hostname="PF4A59NC" failures="0" tests="4" name="TestNgAssertions.HardAssertion_Example" time="28.674" errors="0" timestamp="2025-06-25T18:46:19 IST" skipped="0">
  <testcase classname="TestNgAssertions.HardAssertion_Example" name="verifyTitle" time="23.977"/>
  <testcase classname="TestNgAssertions.HardAssertion_Example" name="enterUserName" time="4.518"/>
  <testcase classname="TestNgAssertions.HardAssertion_Example" name="enterPassword" time="0.085"/>
  <testcase classname="TestNgAssertions.HardAssertion_Example" name="clickLogin" time="0.094"/>
</testsuite> <!-- TestNgAssertions.HardAssertion_Example -->
