<?xml version="1.0" encoding="UTF-8"?>
<!-- Generated by org.testng.reporters.JUnitReportReporter -->
<testsuite hostname="PF4A59NC" failures="0" tests="3" name="TestNg.UsageOfBaseClass" time="0.531" errors="0" timestamp="2025-06-23T18:41:29 IST" skipped="0">
  <testcase classname="TestNg.UsageOfBaseClass" name="enterUserName" time="0.360"/>
  <testcase classname="TestNg.UsageOfBaseClass" name="enterPassword" time="0.093"/>
  <testcase classname="TestNg.UsageOfBaseClass" name="clickLogin" time="0.078"/>
</testsuite> <!-- TestNg.UsageOfBaseClass -->
