<?xml version="1.0" encoding="UTF-8"?>
<!-- Generated by org.testng.reporters.JUnitReportReporter -->
<testsuite hostname="PF4A59NC" failures="0" tests="4" name="TestNgAssertions.SoftAssertion_Example" time="24.257" errors="0" timestamp="2025-06-25T18:55:29 IST" skipped="0">
  <testcase classname="TestNgAssertions.SoftAssertion_Example" name="verifyTitle" time="22.445"/>
  <testcase classname="TestNgAssertions.SoftAssertion_Example" name="enterUserName" time="1.645"/>
  <testcase classname="TestNgAssertions.SoftAssertion_Example" name="enterPassword" time="0.080"/>
  <testcase classname="TestNgAssertions.SoftAssertion_Example" name="clickLogin" time="0.087"/>
</testsuite> <!-- TestNgAssertions.SoftAssertion_Example -->
