<?xml version="1.0" encoding="UTF-8"?>
<!-- Generated by org.testng.reporters.JUnitReportReporter -->
<testsuite hostname="PF4A59NC" failures="0" tests="4" name="TestNgAssertions.HardAssertion_Example2" time="13.302" errors="0" timestamp="2025-06-25T18:49:54 IST" skipped="0">
  <testcase classname="TestNgAssertions.HardAssertion_Example2" name="verifyTitle" time="0.035"/>
  <testcase classname="TestNgAssertions.HardAssertion_Example2" name="enterUserName" time="13.093"/>
  <testcase classname="TestNgAssertions.HardAssertion_Example2" name="enterPassword" time="0.070"/>
  <testcase classname="TestNgAssertions.HardAssertion_Example2" name="clickLogin" time="0.104"/>
</testsuite> <!-- TestNgAssertions.HardAssertion_Example2 -->
