<?xml version="1.0" encoding="UTF-8"?>
<!-- Generated by org.testng.reporters.JUnitReportReporter -->
<testsuite hostname="PF4A59NC" failures="0" tests="3" name="TestNg_Attributes.Attribute_Timeout" time="0.577" errors="0" timestamp="2025-06-23T19:12:49 IST" skipped="0">
  <testcase classname="TestNg_Attributes.Attribute_Timeout" name="enterUserName" time="0.431"/>
  <testcase classname="TestNg_Attributes.Attribute_Timeout" name="enterPassword" time="0.085"/>
  <testcase classname="TestNg_Attributes.Attribute_Timeout" name="clickLogin" time="0.061"/>
</testsuite> <!-- TestNg_Attributes.Attribute_Timeout -->
