<?xml version="1.0" encoding="UTF-8"?>
<!-- Generated by org.testng.reporters.JUnitReportReporter -->
<testsuite hostname="PF4A59NC" failures="0" tests="3" name="TestNg_Attributes.Attribute_Description" time="0.544" errors="0" timestamp="2025-06-23T19:15:54 IST" skipped="0">
  <testcase classname="TestNg_Attributes.Attribute_Description" name="enterUserName" time="0.395"/>
  <testcase classname="TestNg_Attributes.Attribute_Description" name="enterPassword" time="0.087"/>
  <testcase classname="TestNg_Attributes.Attribute_Description" name="clickLogin" time="0.062"/>
</testsuite> <!-- TestNg_Attributes.Attribute_Description -->
