<?xml version="1.0" encoding="UTF-8"?>
<!-- Generated by org.testng.reporters.JUnitReportReporter -->
<testsuite hostname="PF4A59NC" failures="0" tests="4" name="TestNgScreenshots.Screenshot_Example" time="4.096" errors="0" timestamp="2025-06-25T19:09:49 IST" skipped="0">
  <testcase classname="TestNgScreenshots.Screenshot_Example" name="verifyTitle" time="0.038"/>
  <testcase classname="TestNgScreenshots.Screenshot_Example" name="enterUserName" time="1.445"/>
  <testcase classname="TestNgScreenshots.Screenshot_Example" name="enterPassword" time="1.199"/>
  <testcase classname="TestNgScreenshots.Screenshot_Example" name="clickLogin" time="1.414"/>
</testsuite> <!-- TestNgScreenshots.Screenshot_Example -->
