<?xml version="1.0" encoding="UTF-8"?>
<!-- Generated by org.testng.reporters.JUnitReportReporter -->
<testsuite hostname="PF4A59NC" failures="0" tests="5" name="Tests.LoginTest" time="0.826" errors="0" timestamp="2025-06-26T18:55:34 IST" skipped="0">
  <testcase classname="Tests.LoginTest" name="verifyApplicationLogo" time="0.572"/>
  <testcase classname="Tests.LoginTest" name="verifyForgotYourPasswordLink" time="0.034"/>
  <testcase classname="Tests.LoginTest" name="enterUserName" time="0.061"/>
  <testcase classname="Tests.LoginTest" name="enterPassword" time="0.089"/>
  <testcase classname="Tests.LoginTest" name="clickLogin" time="0.070"/>
</testsuite> <!-- Tests.LoginTest -->
