<?xml version="1.0" encoding="UTF-8"?>
<!-- Generated by org.testng.reporters.JUnitReportReporter -->
<testsuite hostname="PF4A59NC" failures="0" tests="3" name="TestNg.TC_1_LoginToOrangeHRM_edge" time="1.983" errors="0" timestamp="2025-06-20T19:08:55 IST" skipped="0">
  <testcase classname="TestNg.TC_1_LoginToOrangeHRM_edge" name="enterUserName" time="0.083"/>
  <testcase classname="TestNg.TC_1_LoginToOrangeHRM_edge" name="enterPassword" time="0.067"/>
  <testcase classname="TestNg.TC_1_LoginToOrangeHRM_edge" name="clickLogin" time="1.833"/>
</testsuite> <!-- TestNg.TC_1_LoginToOrangeHRM_edge -->
