<?xml version="1.0" encoding="UTF-8"?>
<!-- Generated by org.testng.reporters.JUnitReportReporter -->
<testsuite hostname="PF4A59NC" failures="0" tests="8" name="Tests.LoginAndLogoutTest" time="23.890" errors="0" timestamp="2025-06-27T18:58:28 IST" skipped="0">
  <testcase classname="Tests.LoginAndLogoutTest" name="verifyApplicationLogo" time="0.449"/>
  <testcase classname="Tests.LoginAndLogoutTest" name="verifyForgotYourPasswordLink" time="0.138"/>
  <testcase classname="Tests.LoginAndLogoutTest" name="enterUserName" time="0.353"/>
  <testcase classname="Tests.LoginAndLogoutTest" name="enterPassword" time="0.338"/>
  <testcase classname="Tests.LoginAndLogoutTest" name="clickLogin" time="1.619"/>
  <testcase classname="Tests.LoginAndLogoutTest" name="clickAdminTab" time="7.634"/>
  <testcase classname="Tests.LoginAndLogoutTest" name="clickUser" time="6.183"/>
  <testcase classname="Tests.LoginAndLogoutTest" name="clickLogoutTab" time="7.176"/>
</testsuite> <!-- Tests.LoginAndLogoutTest -->
