<?xml version="1.0" encoding="UTF-8"?>
<!-- Generated by org.testng.reporters.JUnitReportReporter -->
<testsuite hostname="PF4A59NC" failures="0" tests="3" name="TestNg_Attributes.Attribute_Enabled" time="0.515" errors="0" timestamp="2025-06-23T19:14:03 IST" skipped="1">
  <testcase classname="TestNg_Attributes.Attribute_Enabled" name="enterUserName" time="0.435"/>
  <testcase classname="TestNg_Attributes.Attribute_Enabled" name="enterPassword" time="0.080"/>
  <testcase classname="TestNg_Attributes.Attribute_Enabled" name="clickLogin">
    <skipped/>
  </testcase> <!-- clickLogin -->
</testsuite> <!-- TestNg_Attributes.Attribute_Enabled -->
