<?xml version="1.0" encoding="UTF-8"?>
<!-- Generated by org.testng.reporters.JUnitReportReporter -->
<testsuite hostname="PF4A59NC" failures="0" tests="2" name="TestNg.TC_1_LoginToOrangeHRM_edge2" time="0.557" errors="0" timestamp="2025-06-23T18:41:00 IST" skipped="0">
  <testcase classname="TestNg.TC_1_LoginToOrangeHRM_edge2" name="enterUserName" time="0.493"/>
  <testcase classname="TestNg.TC_1_LoginToOrangeHRM_edge2" name="enterPassword" time="0.064"/>
</testsuite> <!-- TestNg.TC_1_LoginToOrangeHRM_edge2 -->
