<?xml version="1.0" encoding="UTF-8"?>
<!-- Generated by org.testng.reporters.JUnitReportReporter -->
<testsuite hostname="PF4A59NC" failures="0" tests="3" name="TestNg.TC_1_LoginToOrangeHRM" time="0.571" errors="0" timestamp="2025-06-23T18:50:31 IST" skipped="0">
  <testcase classname="TestNg.TC_1_LoginToOrangeHRM" name="enterUserName" time="0.423"/>
  <testcase classname="TestNg.TC_1_LoginToOrangeHRM" name="enterPassword" time="0.077"/>
  <testcase classname="TestNg.TC_1_LoginToOrangeHRM" name="clickLogin" time="0.071"/>
</testsuite> <!-- TestNg.TC_1_LoginToOrangeHRM -->
