<?xml version="1.0" encoding="UTF-8"?>
<!-- Generated by org.testng.reporters.JUnitReportReporter -->
<testsuite hostname="PF4A59NC" failures="0" tests="3" name="Tests.ForgotYourPasswordTest" time="5.243" errors="0" timestamp="2025-06-26T19:06:33 IST" skipped="0">
  <testcase classname="Tests.ForgotYourPasswordTest" name="clickForgotYourPasswordLink" time="2.471"/>
  <testcase classname="Tests.ForgotYourPasswordTest" name="enterUserName" time="1.386"/>
  <testcase classname="Tests.ForgotYourPasswordTest" name="clickCancelButton" time="1.386"/>
</testsuite> <!-- Tests.ForgotYourPasswordTest -->
