<?xml version="1.0" encoding="UTF-8"?>
<!-- Generated by org.testng.reporters.JUnitReportReporter -->
<testsuite hostname="PF4A59NC" failures="0" tests="3" name="TestNg_Attributes.Attribute_DataProvider" time="0.765" errors="0" timestamp="2025-06-23T19:08:56 IST" skipped="0">
  <testcase classname="TestNg_Attributes.Attribute_DataProvider" name="enterCredentails" time="0.121"/>
  <testcase classname="TestNg_Attributes.Attribute_DataProvider" name="enterCredentails" time="0.534"/>
  <testcase classname="TestNg_Attributes.Attribute_DataProvider" name="enterCredentails" time="0.110"/>
</testsuite> <!-- TestNg_Attributes.Attribute_DataProvider -->
